<?xml version="1.0" encoding="UTF-8"?>
<testng-results ignored="0" total="1" passed="1" failed="0" skipped="0">
  <reporter-output>
  </reporter-output>
  <suite started-at="2022-11-04T14:53:18 IST" name="Surefire suite" finished-at="2022-11-04T14:53:18 IST" duration-ms="43">
    <groups>
    </groups>
    <test started-at="2022-11-04T14:53:18 IST" name="Surefire test" finished-at="2022-11-04T14:53:18 IST" duration-ms="43">
      <class name="com.mycompany.app.may_selenium_23.AppTest">
        <test-method signature="shouldAnswerWithTrue()" started-at="2022-11-04T14:53:18 IST" name="shouldAnswerWithTrue" finished-at="2022-11-04T14:53:18 IST" duration-ms="4" status="PASS">
          <reporter-output>
          </reporter-output>
        </test-method> <!-- shouldAnswerWithTrue -->
      </class> <!-- com.mycompany.app.may_selenium_23.AppTest -->
    </test> <!-- Surefire test -->
  </suite> <!-- Surefire suite -->
</testng-results>
