<?xml version="1.0" encoding="UTF-8"?>
<testsuite xmlns:xsi="http://www.w3.org/2001/XMLSchema-instance" xsi:noNamespaceSchemaLocation="https://maven.apache.org/surefire/maven-surefire-plugin/xsd/surefire-test-report.xsd" name="TestSuite" time="0.739" tests="2" errors="0" skipped="0" failures="0">
  <properties>
[...]
</properties>
  <testcase name="f" classname="com.mycompany.app.may_selenium_23.NewTest" time="0.003"/>
  <testcase name="shouldAnswerWithTrue on shouldAnswerWithTrue(com.mycompany.app.may_selenium_23.AppTest)" classname="com.mycompany.app.may_selenium_23.AppTest" time="0.002"/>
</testsuite>