<?xml version="1.0" encoding="UTF-8"?>
<!-- Generated by org.testng.reporters.JUnitXMLReporter -->
<testsuite ignored="0" hostname="LAPTOP-6VIHB4BO" failures="0" tests="3" name="Default test" time="55.834" errors="0" timestamp="2022-11-04T15:08:21 IST">
  <testcase classname="com.mycompany.app.may_selenium_23.DPTest" name="f" time="23.574"/>
  <testcase classname="com.mycompany.app.may_selenium_23.DPTest" name="f" time="18.679"/>
  <testcase classname="com.mycompany.app.may_selenium_23.DPTest" name="f" time="13.505"/>
</testsuite> <!-- Default test -->
