<?xml version="1.0" encoding="UTF-8"?>
<testng-results ignored="0" total="3" passed="3" failed="0" skipped="0">
  <reporter-output>
  </reporter-output>
  <suite started-at="2022-11-04T15:07:25 IST" name="Default suite" finished-at="2022-11-04T15:08:21 IST" duration-ms="55834">
    <groups>
    </groups>
    <test started-at="2022-11-04T15:07:25 IST" name="Default test" finished-at="2022-11-04T15:08:21 IST" duration-ms="55834">
      <class name="com.mycompany.app.may_selenium_23.DPTest">
        <test-method signature="f(java.lang.String,java.lang.String)[pri:0, instance:com.mycompany.app.may_selenium_23.DPTest@51e69659]" started-at="2022-11-04T15:07:25 IST" name="f" data-provider="dp" finished-at="2022-11-04T15:07:48 IST" duration-ms="23574" status="PASS">
          <params>
            <param index="0">
              <value>
                <![CDATA[omkarbawkar@gmail.com]]>
              </value>
            </param>
            <param index="1">
              <value>
                <![CDATA[a12567]]>
              </value>
            </param>
          </params>
          <reporter-output>
          </reporter-output>
        </test-method> <!-- f -->
        <test-method signature="f(java.lang.String,java.lang.String)[pri:0, instance:com.mycompany.app.may_selenium_23.DPTest@51e69659]" started-at="2022-11-04T15:07:48 IST" name="f" data-provider="dp" finished-at="2022-11-04T15:08:07 IST" duration-ms="18679" status="PASS">
          <params>
            <param index="0">
              <value>
                <![CDATA[omkarbawkar123@gmail.com]]>
              </value>
            </param>
            <param index="1">
              <value>
                <![CDATA[1456b]]>
              </value>
            </param>
          </params>
          <reporter-output>
          </reporter-output>
        </test-method> <!-- f -->
        <test-method signature="f(java.lang.String,java.lang.String)[pri:0, instance:com.mycompany.app.may_selenium_23.DPTest@51e69659]" started-at="2022-11-04T15:08:07 IST" name="f" data-provider="dp" finished-at="2022-11-04T15:08:21 IST" duration-ms="13505" status="PASS">
          <params>
            <param index="0">
              <value>
                <![CDATA[8845795213]]>
              </value>
            </param>
            <param index="1">
              <value>
                <![CDATA[14gs56b]]>
              </value>
            </param>
          </params>
          <reporter-output>
          </reporter-output>
        </test-method> <!-- f -->
      </class> <!-- com.mycompany.app.may_selenium_23.DPTest -->
    </test> <!-- Default test -->
  </suite> <!-- Default suite -->
</testng-results>
